[2021-05-25T14:53:42.687] [DEBUG] cheese - login => username:admin,password:123456
[2021-05-25T14:53:42.688] [DEBUG] cheese - admin
[2021-05-25T14:53:42.703] [DEBUG] cheese - null
[2021-05-25T14:53:42.703] [DEBUG] cheese - null
[2021-12-02T22:56:27.950] [DEBUG] cheese - login => username:admin,password:123456
[2021-12-02T22:56:27.953] [DEBUG] cheese - admin
[2021-12-02T22:56:27.969] [DEBUG] cheese - null
[2021-12-02T22:56:27.970] [DEBUG] cheese - null
[2021-12-05T16:05:45.818] [DEBUG] cheese - login => username:msopen,password:msopen
[2021-12-05T16:05:45.819] [DEBUG] cheese - msopen
[2021-12-05T16:05:45.840] [DEBUG] cheese - null
[2021-12-05T16:05:45.841] [DEBUG] cheese - null
[2021-12-05T16:05:46.999] [DEBUG] cheese - login => username:msopen,password:msopen
[2021-12-05T16:05:47.000] [DEBUG] cheese - msopen
[2021-12-05T16:05:47.002] [DEBUG] cheese - null
[2021-12-05T16:05:47.002] [DEBUG] cheese - null
[2021-12-05T16:06:29.094] [DEBUG] cheese - login => username:msopen,password:msopen
[2021-12-05T16:06:29.095] [DEBUG] cheese - msopen
[2021-12-05T16:06:29.098] [DEBUG] cheese - null
[2021-12-05T16:06:29.098] [DEBUG] cheese - null
[2021-12-05T16:15:01.321] [DEBUG] cheese - login => username:msopen,password:msopen
[2021-12-05T16:15:01.321] [DEBUG] cheese - msopen
[2021-12-05T16:15:01.323] [DEBUG] cheese - null
[2021-12-05T16:15:01.323] [DEBUG] cheese - null
[2021-12-05T16:20:09.063] [DEBUG] cheese - login => username:msopen,password:msopen
[2021-12-05T16:20:09.064] [DEBUG] cheese - msopen
[2021-12-05T16:20:09.066] [DEBUG] cheese - null
[2021-12-05T16:20:09.066] [DEBUG] cheese - null
[2021-12-05T16:21:30.850] [DEBUG] cheese - login => username:msopen,password:msopen
[2021-12-05T16:21:30.850] [DEBUG] cheese - msopen
[2021-12-05T16:21:30.852] [DEBUG] cheese - null
[2021-12-05T16:21:30.852] [DEBUG] cheese - null
[2021-12-05T16:22:06.163] [DEBUG] cheese - login => username:msopen,password:msopen
[2021-12-05T16:22:06.163] [DEBUG] cheese - msopen
[2021-12-05T16:22:06.165] [DEBUG] cheese - null
[2021-12-05T16:22:06.165] [DEBUG] cheese - null
[2021-12-05T16:29:33.928] [DEBUG] cheese - login => username:msopen,password:msopen
[2021-12-05T16:29:33.929] [DEBUG] cheese - msopen
[2021-12-05T16:29:33.932] [DEBUG] cheese - null
[2021-12-05T16:29:33.932] [DEBUG] cheese - null
[2021-12-05T16:29:57.012] [DEBUG] cheese - login => username:admin,password:123456
[2021-12-05T16:29:57.012] [DEBUG] cheese - admin
[2021-12-05T16:29:57.016] [DEBUG] cheese - null
[2021-12-05T16:29:57.016] [DEBUG] cheese - null
[2021-12-05T16:33:13.909] [DEBUG] cheese - login => username:admin,password:123456
[2021-12-05T16:33:13.910] [DEBUG] cheese - admin
[2021-12-05T16:33:13.916] [DEBUG] cheese - null
[2021-12-05T16:33:13.916] [DEBUG] cheese - null
[2021-12-05T16:35:42.950] [DEBUG] cheese - login => username:admin,password:123456
[2021-12-05T16:35:42.950] [DEBUG] cheese - admin
[2021-12-05T16:35:42.952] [DEBUG] cheese - null
[2021-12-05T16:35:42.952] [DEBUG] cheese - null
[2021-12-05T16:36:18.632] [DEBUG] cheese - login => username:admin,password:123456
[2021-12-05T16:36:18.632] [DEBUG] cheese - admin
[2021-12-05T16:36:18.634] [DEBUG] cheese - null
[2021-12-05T16:36:18.634] [DEBUG] cheese - null
[2021-12-05T16:39:54.940] [DEBUG] cheese - login => username:admin,password:123456
[2021-12-05T16:39:54.940] [DEBUG] cheese - admin
[2021-12-05T16:39:54.943] [DEBUG] cheese - null
[2021-12-05T16:39:54.943] [DEBUG] cheese - null
[2021-12-05T17:37:03.023] [DEBUG] cheese - login => username:admin,password:123456
[2021-12-05T17:37:03.023] [DEBUG] cheese - admin
[2021-12-05T17:37:03.025] [DEBUG] cheese - null
[2021-12-05T17:37:03.026] [DEBUG] cheese - null
[2021-12-05T17:37:06.449] [DEBUG] cheese - login => username:admin,password:123456
[2021-12-05T17:37:06.449] [DEBUG] cheese - admin
[2021-12-05T17:37:06.452] [DEBUG] cheese - null
[2021-12-05T17:37:06.452] [DEBUG] cheese - null
[2021-12-05T17:37:07.650] [DEBUG] cheese - login => username:admin,password:123456
[2021-12-05T17:37:07.650] [DEBUG] cheese - admin
[2021-12-05T17:37:07.652] [DEBUG] cheese - null
[2021-12-05T17:37:07.653] [DEBUG] cheese - null
[2021-12-05T17:37:13.508] [DEBUG] cheese - login => username:admin,password:123456
[2021-12-05T17:37:13.508] [DEBUG] cheese - admin
[2021-12-05T17:37:13.511] [DEBUG] cheese - null
[2021-12-05T17:37:13.512] [DEBUG] cheese - null
[2021-12-05T17:37:14.153] [DEBUG] cheese - login => username:admin,password:123456
[2021-12-05T17:37:14.153] [DEBUG] cheese - admin
[2021-12-05T17:37:14.155] [DEBUG] cheese - null
[2021-12-05T17:37:14.155] [DEBUG] cheese - null
[2021-12-05T17:37:14.307] [DEBUG] cheese - login => username:admin,password:123456
[2021-12-05T17:37:14.307] [DEBUG] cheese - admin
[2021-12-05T17:37:14.312] [DEBUG] cheese - null
[2021-12-05T17:37:14.312] [DEBUG] cheese - null
[2021-12-05T17:37:14.476] [DEBUG] cheese - login => username:admin,password:123456
[2021-12-05T17:37:14.476] [DEBUG] cheese - admin
[2021-12-05T17:37:14.478] [DEBUG] cheese - null
[2021-12-05T17:37:14.479] [DEBUG] cheese - null
[2021-12-05T17:37:14.631] [DEBUG] cheese - login => username:admin,password:123456
[2021-12-05T17:37:14.631] [DEBUG] cheese - admin
[2021-12-05T17:37:14.633] [DEBUG] cheese - null
[2021-12-05T17:37:14.633] [DEBUG] cheese - null
[2021-12-05T17:37:14.786] [DEBUG] cheese - login => username:admin,password:123456
[2021-12-05T17:37:14.786] [DEBUG] cheese - admin
[2021-12-05T17:37:14.788] [DEBUG] cheese - null
[2021-12-05T17:37:14.788] [DEBUG] cheese - null
[2021-12-05T17:37:14.954] [DEBUG] cheese - login => username:admin,password:123456
[2021-12-05T17:37:14.954] [DEBUG] cheese - admin
[2021-12-05T17:37:14.956] [DEBUG] cheese - null
[2021-12-05T17:37:14.956] [DEBUG] cheese - null
[2021-12-05T17:37:15.130] [DEBUG] cheese - login => username:admin,password:123456
[2021-12-05T17:37:15.130] [DEBUG] cheese - admin
[2021-12-05T17:37:15.132] [DEBUG] cheese - null
[2021-12-05T17:37:15.132] [DEBUG] cheese - null
[2021-12-05T17:37:15.298] [DEBUG] cheese - login => username:admin,password:123456
[2021-12-05T17:37:15.298] [DEBUG] cheese - admin
[2021-12-05T17:37:15.299] [DEBUG] cheese - null
[2021-12-05T17:37:15.300] [DEBUG] cheese - null
[2021-12-05T17:37:30.294] [DEBUG] cheese - login => username:admin,password:123456
[2021-12-05T17:37:30.294] [DEBUG] cheese - admin
[2021-12-05T17:37:30.296] [DEBUG] cheese - null
[2021-12-05T17:37:30.297] [DEBUG] cheese - null
[2021-12-05T17:37:42.417] [DEBUG] cheese - login => username:admin,password:123456
[2021-12-05T17:37:42.418] [DEBUG] cheese - admin
[2021-12-05T17:37:42.419] [DEBUG] cheese - null
[2021-12-05T17:37:42.419] [DEBUG] cheese - null
[2021-12-05T17:38:54.924] [DEBUG] cheese - login => username:admin,password:123456
[2021-12-05T17:38:54.924] [DEBUG] cheese - admin
[2021-12-05T17:38:54.927] [DEBUG] cheese - null
[2021-12-05T17:38:54.927] [DEBUG] cheese - null
[2021-12-05T17:39:21.062] [DEBUG] cheese - login => username:admin,password:123456
[2021-12-05T17:39:21.062] [DEBUG] cheese - admin
[2021-12-05T17:39:21.064] [DEBUG] cheese - null
[2021-12-05T17:39:21.064] [DEBUG] cheese - null
[2021-12-05T17:40:59.735] [DEBUG] cheese - login => username:admin,password:123456
[2021-12-05T17:40:59.735] [DEBUG] cheese - admin
[2021-12-05T17:40:59.738] [DEBUG] cheese - null
[2021-12-05T17:40:59.738] [DEBUG] cheese - null
[2021-12-05T17:42:15.774] [DEBUG] cheese - login => username:admin,password:123456
[2021-12-05T17:42:15.774] [DEBUG] cheese - admin
[2021-12-05T17:42:15.776] [DEBUG] cheese - null
[2021-12-05T17:42:15.777] [DEBUG] cheese - null
[2021-12-05T17:42:15.997] [DEBUG] cheese - login => username:admin,password:123456
[2021-12-05T17:42:15.997] [DEBUG] cheese - admin
[2021-12-05T17:42:15.999] [DEBUG] cheese - null
[2021-12-05T17:42:15.999] [DEBUG] cheese - null
[2021-12-05T17:42:40.771] [DEBUG] cheese - login => username:admin,password:123456
[2021-12-05T17:42:40.771] [DEBUG] cheese - admin
[2021-12-05T17:42:40.775] [DEBUG] cheese - null
[2021-12-05T17:42:40.776] [DEBUG] cheese - null
[2021-12-05T17:43:53.698] [DEBUG] cheese - login => username:admin,password:123456
[2021-12-05T17:43:53.698] [DEBUG] cheese - admin
[2021-12-05T17:43:53.703] [DEBUG] cheese - null
[2021-12-05T17:43:53.703] [DEBUG] cheese - null
[2021-12-05T17:45:25.480] [DEBUG] cheese - login => username:admin,password:123456
[2021-12-05T17:45:25.480] [DEBUG] cheese - admin
[2021-12-05T17:45:25.483] [DEBUG] cheese - null
[2021-12-05T17:45:25.484] [DEBUG] cheese - null
[2021-12-05T17:46:17.621] [DEBUG] cheese - login => username:admin,password:123456
[2021-12-05T17:46:17.621] [DEBUG] cheese - admin
[2021-12-05T17:46:17.624] [DEBUG] cheese - null
[2021-12-05T17:46:17.624] [DEBUG] cheese - null
[2021-12-05T17:46:46.863] [DEBUG] cheese - login => username:admin,password:123456
[2021-12-05T17:46:46.863] [DEBUG] cheese - admin
[2021-12-05T17:46:46.865] [DEBUG] cheese - null
[2021-12-05T17:46:46.865] [DEBUG] cheese - null
[2021-12-05T17:46:47.670] [DEBUG] cheese - login => username:admin,password:123456
[2021-12-05T17:46:47.670] [DEBUG] cheese - admin
[2021-12-05T17:46:47.671] [DEBUG] cheese - null
[2021-12-05T17:46:47.672] [DEBUG] cheese - null
[2021-12-05T17:46:48.177] [DEBUG] cheese - login => username:admin,password:123456
[2021-12-05T17:46:48.177] [DEBUG] cheese - admin
[2021-12-05T17:46:48.178] [DEBUG] cheese - null
[2021-12-05T17:46:48.179] [DEBUG] cheese - null
[2021-12-05T17:47:06.965] [DEBUG] cheese - login => username:admin,password:123456
[2021-12-05T17:47:06.965] [DEBUG] cheese - admin
[2021-12-05T17:47:06.969] [DEBUG] cheese - null
[2021-12-05T17:47:06.969] [DEBUG] cheese - null
[2021-12-05T17:47:33.867] [DEBUG] cheese - login => username:admin,password:123456
[2021-12-05T17:47:33.867] [DEBUG] cheese - admin
[2021-12-05T17:47:33.870] [DEBUG] cheese - null
[2021-12-05T17:47:33.870] [DEBUG] cheese - null
[2021-12-05T17:48:18.593] [DEBUG] cheese - login => username:admin,password:123456
[2021-12-05T17:48:18.593] [DEBUG] cheese - admin
[2021-12-05T17:48:18.601] [DEBUG] cheese - null
[2021-12-05T17:48:18.601] [DEBUG] cheese - null
[2021-12-05T19:14:38.125] [DEBUG] cheese - login => username:admin,password:123456
[2021-12-05T19:14:38.125] [DEBUG] cheese - admin
[2021-12-05T19:14:38.128] [DEBUG] cheese - null
[2021-12-05T19:14:38.128] [DEBUG] cheese - null
[2021-12-05T19:16:24.136] [DEBUG] cheese - login => username:admin,password:123456
[2021-12-05T19:16:24.137] [DEBUG] cheese - admin
[2021-12-05T19:16:24.139] [DEBUG] cheese - null
[2021-12-05T19:16:24.139] [DEBUG] cheese - null
[2021-12-05T19:45:26.887] [DEBUG] cheese - login => username:admin,password:123456
[2021-12-05T19:45:26.887] [DEBUG] cheese - admin
[2021-12-05T19:45:26.891] [DEBUG] cheese - null
[2021-12-05T19:45:26.891] [DEBUG] cheese - null
[2021-12-05T21:37:29.197] [DEBUG] cheese - login => username:admin,password:123456
[2021-12-05T21:37:29.197] [DEBUG] cheese - admin
[2021-12-05T21:37:29.200] [DEBUG] cheese - null
[2021-12-05T21:37:29.200] [DEBUG] cheese - null
[2021-12-05T22:28:00.837] [DEBUG] cheese - login => username:admin,password:123456
[2021-12-05T22:28:00.838] [DEBUG] cheese - admin
[2021-12-05T22:28:00.842] [DEBUG] cheese - null
[2021-12-05T22:28:00.842] [DEBUG] cheese - null
[2021-12-05T22:33:51.191] [DEBUG] cheese - login => username:admin,password:123456
[2021-12-05T22:33:51.191] [DEBUG] cheese - admin
[2021-12-05T22:33:51.195] [DEBUG] cheese - null
[2021-12-05T22:33:51.195] [DEBUG] cheese - null
[2021-12-06T21:04:13.470] [DEBUG] cheese - login => username:admin,password:123456
[2021-12-06T21:04:13.473] [DEBUG] cheese - admin
[2021-12-06T21:04:13.502] [DEBUG] cheese - null
[2021-12-06T21:04:13.503] [DEBUG] cheese - null
[2021-12-06T21:11:10.168] [DEBUG] cheese - login => username:admin,password:123456
[2021-12-06T21:11:10.168] [DEBUG] cheese - admin
[2021-12-06T21:11:10.178] [DEBUG] cheese - null
[2021-12-06T21:11:10.179] [DEBUG] cheese - null
[2021-12-09T22:33:39.294] [DEBUG] cheese - login => username:admin,password:123456
[2021-12-09T22:33:39.298] [DEBUG] cheese - admin
[2021-12-09T22:33:39.355] [DEBUG] cheese - null
[2021-12-09T22:33:39.356] [DEBUG] cheese - null
[2021-12-10T21:24:24.373] [DEBUG] cheese - login => username:admin,password:123456
[2021-12-10T21:24:24.376] [DEBUG] cheese - admin
[2021-12-10T21:24:24.401] [DEBUG] cheese - null
[2021-12-10T21:24:24.403] [DEBUG] cheese - null
[2021-12-13T20:16:36.181] [DEBUG] cheese - login => username:admin,password:123456
[2021-12-13T20:16:36.184] [DEBUG] cheese - admin
[2021-12-13T20:16:36.237] [DEBUG] cheese - null
[2021-12-13T20:16:36.238] [DEBUG] cheese - null
[2021-12-14T21:55:18.771] [DEBUG] cheese - login => username:admin,password:123456
[2021-12-14T21:55:18.774] [DEBUG] cheese - admin
[2021-12-14T21:55:18.819] [DEBUG] cheese - null
[2021-12-14T21:55:18.821] [DEBUG] cheese - null
[2021-12-14T22:38:47.769] [DEBUG] cheese - login => username:admin,password:123456
[2021-12-14T22:38:47.769] [DEBUG] cheese - admin
[2021-12-14T22:38:47.773] [DEBUG] cheese - null
[2021-12-14T22:38:47.773] [DEBUG] cheese - null
[2021-12-14T22:39:23.321] [DEBUG] cheese - login => username:admin,password:123456
[2021-12-14T22:39:23.322] [DEBUG] cheese - admin
[2021-12-14T22:39:23.325] [DEBUG] cheese - null
[2021-12-14T22:39:23.325] [DEBUG] cheese - null
[2021-12-15T21:47:55.611] [DEBUG] cheese - login => username:admin,password:123456
[2021-12-15T21:47:55.615] [DEBUG] cheese - admin
[2021-12-15T21:47:55.645] [DEBUG] cheese - null
[2021-12-15T21:47:55.647] [DEBUG] cheese - null
[2021-12-16T22:07:55.717] [DEBUG] cheese - login => username:admin,password:123456
[2021-12-16T22:07:55.720] [DEBUG] cheese - admin
[2021-12-16T22:07:55.753] [DEBUG] cheese - null
[2021-12-16T22:07:55.754] [DEBUG] cheese - null
[2021-12-16T22:50:37.984] [DEBUG] cheese - null
[2021-12-16T22:53:46.589] [DEBUG] cheese - null
[2021-12-16T22:56:51.375] [DEBUG] cheese - null
[2021-12-16T22:56:54.653] [DEBUG] cheese - null
[2021-12-18T11:57:38.802] [DEBUG] cheese - login => username:admin,password:123456
[2021-12-18T11:57:38.805] [DEBUG] cheese - admin
[2021-12-18T11:57:38.840] [DEBUG] cheese - null
[2021-12-18T11:57:38.842] [DEBUG] cheese - null
[2021-12-18T14:51:53.233] [DEBUG] cheese - null
[2021-12-18T22:20:14.583] [DEBUG] cheese - login => username:admin,password:123456
[2021-12-18T22:20:14.584] [DEBUG] cheese - admin
[2021-12-18T22:20:14.586] [DEBUG] cheese - null
[2021-12-18T22:20:14.587] [DEBUG] cheese - null
[2021-12-19T22:10:17.125] [DEBUG] cheese - login => username:admin,password:123456
[2021-12-19T22:10:17.129] [DEBUG] cheese - admin
[2021-12-19T22:10:17.176] [DEBUG] cheese - null
[2021-12-19T22:10:17.178] [DEBUG] cheese - null
[2021-12-20T21:11:08.181] [DEBUG] cheese - login => username:admin,password:123456
[2021-12-20T21:11:08.185] [DEBUG] cheese - admin
[2021-12-20T21:11:08.229] [DEBUG] cheese - null
[2021-12-20T21:11:08.230] [DEBUG] cheese - null
[2021-12-22T10:59:04.218] [DEBUG] cheese - login => username:admin,password:123456
[2021-12-22T10:59:04.220] [DEBUG] cheese - admin
[2021-12-22T10:59:04.246] [DEBUG] cheese - null
[2021-12-22T10:59:04.247] [DEBUG] cheese - null
[2021-12-23T11:15:52.385] [DEBUG] cheese - login => username:admin,password:123456
[2021-12-23T11:15:52.396] [DEBUG] cheese - admin
[2021-12-23T11:15:52.402] [DEBUG] cheese - null
[2021-12-23T11:15:52.402] [DEBUG] cheese - null
[2021-12-23T21:33:17.906] [DEBUG] cheese - login => username:admin,password:123456
[2021-12-23T21:33:17.907] [DEBUG] cheese - admin
[2021-12-23T21:33:17.917] [DEBUG] cheese - null
[2021-12-23T21:33:17.918] [DEBUG] cheese - null
[2021-12-23T21:33:18.003] [DEBUG] cheese - login => username:admin,password:123456
[2021-12-23T21:33:18.003] [DEBUG] cheese - admin
[2021-12-23T21:33:18.006] [DEBUG] cheese - null
[2021-12-23T21:33:18.006] [DEBUG] cheese - null
[2021-12-23T22:29:50.456] [DEBUG] cheese - login => username:admin,password:123456
[2021-12-23T22:29:50.456] [DEBUG] cheese - admin
[2021-12-23T22:29:50.459] [DEBUG] cheese - null
[2021-12-23T22:29:50.459] [DEBUG] cheese - null
[2021-12-24T09:13:27.080] [DEBUG] cheese - login => username:admin,password:123456
[2021-12-24T09:13:27.081] [DEBUG] cheese - admin
[2021-12-24T09:13:27.091] [DEBUG] cheese - null
[2021-12-24T09:13:27.091] [DEBUG] cheese - null
[2021-12-24T22:43:15.558] [DEBUG] cheese - login => username:admin,password:123456
[2021-12-24T22:43:15.559] [DEBUG] cheese - admin
[2021-12-24T22:43:15.564] [DEBUG] cheese - null
[2021-12-24T22:43:15.565] [DEBUG] cheese - null
[2021-12-25T18:17:34.255] [DEBUG] cheese - login => username:admin,password:123456
[2021-12-25T18:17:34.257] [DEBUG] cheese - admin
[2021-12-25T18:17:34.301] [DEBUG] cheese - null
[2021-12-25T18:17:34.302] [DEBUG] cheese - null
[2021-12-25T20:57:13.691] [DEBUG] cheese - null
[2021-12-25T20:58:42.571] [DEBUG] cheese - null
[2021-12-25T20:59:38.240] [DEBUG] cheese - null
[2021-12-25T21:00:58.447] [DEBUG] cheese - null
[2021-12-25T21:01:32.832] [DEBUG] cheese - null
[2021-12-26T13:07:25.268] [DEBUG] cheese - login => username:admin,password:123456
[2021-12-26T13:07:25.270] [DEBUG] cheese - admin
[2021-12-26T13:07:25.287] [DEBUG] cheese - null
[2021-12-26T13:07:25.287] [DEBUG] cheese - null
[2021-12-26T18:48:24.381] [DEBUG] cheese - login => username:admin,password:123456
[2021-12-26T18:48:24.381] [DEBUG] cheese - admin
[2021-12-26T18:48:24.385] [DEBUG] cheese - null
[2021-12-26T18:48:24.385] [DEBUG] cheese - null
[2021-12-26T22:01:41.414] [DEBUG] cheese - login => username:admin,password:123456
[2021-12-26T22:01:41.415] [DEBUG] cheese - admin
[2021-12-26T22:01:41.421] [DEBUG] cheese - null
[2021-12-26T22:01:41.422] [DEBUG] cheese - null
[2021-12-27T09:16:25.180] [DEBUG] cheese - login => username:admin,password:123456
[2021-12-27T09:16:25.181] [DEBUG] cheese - admin
[2021-12-27T09:16:25.192] [DEBUG] cheese - null
[2021-12-27T09:16:25.193] [DEBUG] cheese - null
[2021-12-27T14:23:42.397] [DEBUG] cheese - login => username:admin,password:123456
[2021-12-27T14:23:42.398] [DEBUG] cheese - admin
[2021-12-27T14:23:42.400] [DEBUG] cheese - null
[2021-12-27T14:23:42.400] [DEBUG] cheese - null
[2021-12-27T16:08:17.531] [DEBUG] cheese - login => username:admin,password:123456
[2021-12-27T16:08:17.531] [DEBUG] cheese - admin
[2021-12-27T16:08:17.533] [DEBUG] cheese - null
[2021-12-27T16:08:17.533] [DEBUG] cheese - null
[2021-12-27T16:14:46.279] [DEBUG] cheese - login => username:admin,password:123456
[2021-12-27T16:14:46.280] [DEBUG] cheese - admin
[2021-12-27T16:14:46.283] [DEBUG] cheese - null
[2021-12-27T16:14:46.283] [DEBUG] cheese - null
